#
# A fatal error has been detected by the Java Runtime Environment:
#
#  SIGSEGV (0xb) at pc=0x0000000000000000, pid=5992, tid=140040520648448
#
# JRE version:  (7.0_45-b15) (build )
# Java VM: OpenJDK 64-Bit Server VM (24.45-b08 mixed mode linux-amd64 compressed oops)
# Problematic frame:
# C  0x0000000000000000
#
# Failed to write core dump. Core dumps have been disabled. To enable core dumping, try "ulimit -c unlimited" before starting Java again
#
# If you would like to submit a bug report, please include
# instructions on how to reproduce the bug and visit:
#   http://icedtea.classpath.org/bugzilla
#

---------------  T H R E A D  ---------------

Current thread (0x00007f5db4008800):  JavaThread "main" [_thread_in_Java, id=5997, stack(0x00007f5db96cc000,0x00007f5db97cd000)]

siginfo:si_signo=SIGSEGV: si_errno=0, si_code=1 (SEGV_MAPERR), si_addr=0x0000000000000000

Registers:
RAX=0x0000000000000000, RBX=0x00000000bb816d10, RCX=0x00000000eca00da0, RDX=0x0000000000500001
RSP=0x00007f5db97cab40, RBP=0x00007f5db97cab90, RSI=0x0000000000000000, RDI=0x00007f5db4008800
R8 =0x00007f5db40092c8, R9 =0x0000000000000001, R10=0x00007f5db96832e0, R11=0x00007f5db40092c0
R12=0x0000000000000000, R13=0x00007f5db97cab48, R14=0x00007f5db97cab98, R15=0x00007f5db4008800
RIP=0x0000000000000000, EFLAGS=0x0000000000010246, CSGSFS=0x0000000000000033, ERR=0x0000000000000014
  TRAPNO=0x000000000000000e

Top of Stack: (sp=0x00007f5db97cab40)
0x00007f5db97cab40:   00007f5db1006350 00000000eca00da0
0x00007f5db97cab50:   00007f5db97cab50 00000000bb826ee3
0x00007f5db97cab60:   00007f5db97cab98 00000000bb8b4eb0
0x00007f5db97cab70:   0000000000000000 00000000bb826f20
0x00007f5db97cab80:   00007f5db97cab48 00007f5db97caba0
0x00007f5db97cab90:   00007f5db97cac00 00007f5db10004e7
0x00007f5db97caba0:   00007f5d00001fa0 00007f5db97cac80
0x00007f5db97cabb0:   00007f5db97cada0 00007f5db4008800
0x00007f5db97cabc0:   00007f5db97cad20 00007f5db4009278
0x00007f5db97cabd0:   00007f5db97cac40 00007f5db97cada8
0x00007f5db97cabe0:   00007f5d0000000a 00000000bb826f20
0x00007f5db97cabf0:   00007f5db10102a0 00007f5db97cad28
0x00007f5db97cac00:   00007f5db97cacf0 00007f5db8e9db4e
0x00007f5db97cac10:   00007f5d00000000 00007f5db4008800
0x00007f5db97cac20:   0000000ab40091c0 00007f5db10102a0
0x00007f5db97cac30:   00007f5db97cac40 00007f5db96513d9
0x00007f5db97cac40:   00007f5db4008800 00007f5db40753e0
0x00007f5db97cac50:   00000000bb826f20 0000000000000000
0x00007f5db97cac60:   00007f5db97cb690 00007f5db1012cac
0x00007f5db97cac70:   00007f5db97cb6e0 00007f5db97cada0
0x00007f5db97cac80:   00007f5db4008800 00007f5db4007d50
0x00007f5db97cac90:   00007f5db40090d0 00007f5db4009280
0x00007f5db97caca0:   00007f5db40094b8 00000000000003d8
0x00007f5db97cacb0:   00007f5db97caed0 00007f5db97cad10
0x00007f5db97cacc0:   00007f5db8e60692 00007f5db4008800
0x00007f5db97cacd0:   00000000bb826f20 00007f5db4009268
0x00007f5db97cace0:   00007f5db97cade0 0000000000000013
0x00007f5db97cacf0:   00007f5db97cad10 00007f5db8e9c718
0x00007f5db97cad00:   00007f5db4009278 00000000bb826f20
0x00007f5db97cad10:   00007f5db97cadc0 00007f5db8e60a68
0x00007f5db97cad20:   00007f5db97cad70 0000000000000000
0x00007f5db97cad30:   00007f5db97cad50 00007fff3acc3814 

Instructions: (pc=0x0000000000000000)
0xffffffffffffffe0:   

Register to memory mapping:

RAX=0x0000000000000000 is an unknown value
RBX=0x00000000bb816d10 is an oop
{method} 
 - klass: {other class}
RCX=0x00000000eca00da0 is an oop
java.lang.Class 
 - klass: 'java/lang/Class'
RDX=0x0000000000500001 is an unknown value
RSP=0x00007f5db97cab40 is pointing into the stack for thread: 0x00007f5db4008800
RBP=0x00007f5db97cab90 is pointing into the stack for thread: 0x00007f5db4008800
RSI=0x0000000000000000 is an unknown value
RDI=0x00007f5db4008800 is a thread
R8 =0x00007f5db40092c8 is an unknown value
R9 =0x0000000000000001 is an unknown value
R10=0x00007f5db96832e0: <offset 0xdb82e0> in /usr/lib/jvm/java-1.7.0-openjdk-1.7.0.45.x86_64/jre/lib/amd64/server/libjvm.so at 0x00007f5db88cb000
R11=0x00007f5db40092c0 is an unknown value
R12=0x0000000000000000 is an unknown value
R13=0x00007f5db97cab48 is pointing into the stack for thread: 0x00007f5db4008800
R14=0x00007f5db97cab98 is pointing into the stack for thread: 0x00007f5db4008800
R15=0x00007f5db4008800 is a thread


Stack: [0x00007f5db96cc000,0x00007f5db97cd000],  sp=0x00007f5db97cab40,  free space=1018k

---------------  P R O C E S S  ---------------

Java Threads: ( => current thread )
  0x00007f5db4078000 JavaThread "Reference Handler" daemon [_thread_blocked, id=6003, stack(0x00007f5da900e000,0x00007f5da910f000)]
=>0x00007f5db4008800 JavaThread "main" [_thread_in_Java, id=5997, stack(0x00007f5db96cc000,0x00007f5db97cd000)]

Other Threads:
  0x00007f5db4073800 VMThread [stack: 0x00007f5da910f000,0x00007f5da9210000] [id=6002]

VM state:not at safepoint (normal execution)

VM Mutex/Monitor currently owned by a thread: None

Heap
 PSYoungGen      total 17920K, used 317K [0x00000000eca00000, 0x00000000edd80000, 0x0000000100000000)
  eden space 15872K, 2% used [0x00000000eca00000,0x00000000eca4f630,0x00000000ed980000)
  from space 2048K, 0% used [0x00000000edb80000,0x00000000edb80000,0x00000000edd80000)
  to   space 2048K, 0% used [0x00000000ed980000,0x00000000ed980000,0x00000000edb80000)
 ParOldGen       total 39424K, used 0K [0x00000000c5e00000, 0x00000000c8480000, 0x00000000eca00000)
  object space 39424K, 0% used [0x00000000c5e00000,0x00000000c5e00000,0x00000000c8480000)
 PSPermGen       total 21504K, used 875K [0x00000000bb800000, 0x00000000bcd00000, 0x00000000c5e00000)
  object space 21504K, 4% used [0x00000000bb800000,0x00000000bb8daf10,0x00000000bcd00000)

Card table byte_map: [0x00007f5db0ddb000,0x00007f5db1000000] byte_map_base: 0x00007f5db07ff000

Polling page: 0x00007f5db8491000

Code Cache  [0x00007f5db1000000, 0x00007f5db1270000, 0x00007f5db4000000)
 total_blobs=61 nmethods=0 adapters=38 free_code_cache=48825Kb largest_free_block=49996544

Compilation events (0 events):
No events

GC Heap History (0 events):
No events

Deoptimization events (0 events):
No events

Internal exceptions (0 events):
No events

Events (10 events):
Event: 0.014 loading class 0x00007f5db070f310 done
Event: 0.014 Thread 0x00007f5db4078000 Thread added: 0x00007f5db4078000
Event: 0.014 loading class 0x00007f5db070f3a0
Event: 0.014 loading class 0x00007f5db070f3a0 done
Event: 0.014 loading class 0x00007f5db07282d0
Event: 0.014 loading class 0x00007f5db07282d0 done
Event: 0.014 loading class 0x00007f5db0728270
Event: 0.014 loading class 0x00007f5db0728270 done
Event: 0.014 loading class 0x00007f5db070fa60
Event: 0.014 loading class 0x00007f5db070fa60 done


Dynamic libraries:
00400000-00401000 r-xp 00000000 08:01 1077503                            /usr/lib/jvm/java-1.7.0-openjdk-1.7.0.45.x86_64/bin/java
00600000-00602000 rw-p 00000000 08:01 1077503                            /usr/lib/jvm/java-1.7.0-openjdk-1.7.0.45.x86_64/bin/java
00b9b000-00bbc000 rw-p 00000000 00:00 0                                  [heap]
bb800000-bcd00000 rw-p 00000000 00:00 0 
bcd00000-c5e00000 rw-p 00000000 00:00 0 
c5e00000-c8480000 rw-p 00000000 00:00 0 
c8480000-eca00000 rw-p 00000000 00:00 0 
eca00000-edd80000 rw-p 00000000 00:00 0 
edd80000-100000000 rw-p 00000000 00:00 0 
3242600000-324260d000 r-xp 00000000 08:01 1057177                        /usr/lib/jvm/java-1.7.0-openjdk-1.7.0.45.x86_64/lib/amd64/jli/libjli.so
324260d000-324280c000 ---p 0000d000 08:01 1057177                        /usr/lib/jvm/java-1.7.0-openjdk-1.7.0.45.x86_64/lib/amd64/jli/libjli.so
324280c000-324280d000 rw-p 0000c000 08:01 1057177                        /usr/lib/jvm/java-1.7.0-openjdk-1.7.0.45.x86_64/lib/amd64/jli/libjli.so
3a69200000-3a69220000 r-xp 00000000 08:01 4345616                        /lib64/ld-2.12.so
3a6941f000-3a69420000 r--p 0001f000 08:01 4345616                        /lib64/ld-2.12.so
3a69420000-3a69421000 rw-p 00020000 08:01 4345616                        /lib64/ld-2.12.so
3a69421000-3a69422000 rw-p 00000000 00:00 0 
3a69600000-3a69683000 r-xp 00000000 08:01 4345618                        /lib64/libm-2.12.so
3a69683000-3a69882000 ---p 00083000 08:01 4345618                        /lib64/libm-2.12.so
3a69882000-3a69883000 r--p 00082000 08:01 4345618                        /lib64/libm-2.12.so
3a69883000-3a69884000 rw-p 00083000 08:01 4345618                        /lib64/libm-2.12.so
3a69a00000-3a69b8a000 r-xp 00000000 08:01 4345617                        /lib64/libc-2.12.so
3a69b8a000-3a69d89000 ---p 0018a000 08:01 4345617                        /lib64/libc-2.12.so
3a69d89000-3a69d8d000 r--p 00189000 08:01 4345617                        /lib64/libc-2.12.so
3a69d8d000-3a69d8e000 rw-p 0018d000 08:01 4345617                        /lib64/libc-2.12.so
3a69d8e000-3a69d93000 rw-p 00000000 00:00 0 
3a69e00000-3a69e02000 r-xp 00000000 08:01 4345621                        /lib64/libdl-2.12.so
3a69e02000-3a6a002000 ---p 00002000 08:01 4345621                        /lib64/libdl-2.12.so
3a6a002000-3a6a003000 r--p 00002000 08:01 4345621                        /lib64/libdl-2.12.so
3a6a003000-3a6a004000 rw-p 00003000 08:01 4345621                        /lib64/libdl-2.12.so
3a6a200000-3a6a217000 r-xp 00000000 08:01 4325446                        /lib64/libpthread-2.12.so
3a6a217000-3a6a417000 ---p 00017000 08:01 4325446                        /lib64/libpthread-2.12.so
3a6a417000-3a6a418000 r--p 00017000 08:01 4325446                        /lib64/libpthread-2.12.so
3a6a418000-3a6a419000 rw-p 00018000 08:01 4325446                        /lib64/libpthread-2.12.so
3a6a419000-3a6a41d000 rw-p 00000000 00:00 0 
3a6a600000-3a6a615000 r-xp 00000000 08:01 4325456                        /lib64/libz.so.1.2.3
3a6a615000-3a6a814000 ---p 00015000 08:01 4325456                        /lib64/libz.so.1.2.3
3a6a814000-3a6a815000 r--p 00014000 08:01 4325456                        /lib64/libz.so.1.2.3
3a6a815000-3a6a816000 rw-p 00015000 08:01 4325456                        /lib64/libz.so.1.2.3
3a6aa00000-3a6aa07000 r-xp 00000000 08:01 4345638                        /lib64/librt-2.12.so
3a6aa07000-3a6ac06000 ---p 00007000 08:01 4345638                        /lib64/librt-2.12.so
3a6ac06000-3a6ac07000 r--p 00006000 08:01 4345638                        /lib64/librt-2.12.so
3a6ac07000-3a6ac08000 rw-p 00007000 08:01 4345638                        /lib64/librt-2.12.so
3a6fe00000-3a6fe16000 r-xp 00000000 08:01 4345624                        /lib64/libgcc_s-4.4.7-20120601.so.1
3a6fe16000-3a70015000 ---p 00016000 08:01 4345624                        /lib64/libgcc_s-4.4.7-20120601.so.1
3a70015000-3a70016000 rw-p 00015000 08:01 4345624                        /lib64/libgcc_s-4.4.7-20120601.so.1
3a70200000-3a702e8000 r-xp 00000000 08:01 567093                         /usr/lib64/libstdc++.so.6.0.13
3a702e8000-3a704e8000 ---p 000e8000 08:01 567093                         /usr/lib64/libstdc++.so.6.0.13
3a704e8000-3a704ef000 r--p 000e8000 08:01 567093                         /usr/lib64/libstdc++.so.6.0.13
3a704ef000-3a704f1000 rw-p 000ef000 08:01 567093                         /usr/lib64/libstdc++.so.6.0.13
3a704f1000-3a70506000 rw-p 00000000 00:00 0 
7f5d94000000-7f5d94021000 rw-p 00000000 00:00 0 
7f5d94021000-7f5d98000000 ---p 00000000 00:00 0 
7f5d98000000-7f5d98021000 rw-p 00000000 00:00 0 
7f5d98021000-7f5d9c000000 ---p 00000000 00:00 0 
7f5d9c000000-7f5d9c021000 rw-p 00000000 00:00 0 
7f5d9c021000-7f5da0000000 ---p 00000000 00:00 0 
7f5da0000000-7f5da0021000 rw-p 00000000 00:00 0 
7f5da0021000-7f5da4000000 ---p 00000000 00:00 0 
7f5da4000000-7f5da4021000 rw-p 00000000 00:00 0 
7f5da4021000-7f5da8000000 ---p 00000000 00:00 0 
7f5da8f0d000-7f5da900e000 rw-p 00000000 00:00 0 
7f5da900e000-7f5da9011000 ---p 00000000 00:00 0 
7f5da9011000-7f5da910f000 rw-p 00000000 00:00 0 
7f5da910f000-7f5da9110000 ---p 00000000 00:00 0 
7f5da9110000-7f5dac000000 rw-p 00000000 00:00 0 
7f5dac000000-7f5dac021000 rw-p 00000000 00:00 0 
7f5dac021000-7f5db0000000 ---p 00000000 00:00 0 
7f5db008b000-7f5db04d7000 rw-p 00000000 00:00 0 
7f5db04d7000-7f5db0685000 r--s 03e5e000 08:01 1077611                    /usr/lib/jvm/java-1.7.0-openjdk-1.7.0.45.x86_64/jre/lib/rt.jar
7f5db0685000-7f5db09a2000 rw-p 00000000 00:00 0 
7f5db09a2000-7f5db09a3000 ---p 00000000 00:00 0 
7f5db09a3000-7f5db0aa3000 rw-p 00000000 00:00 0 
7f5db0aa3000-7f5db0aa4000 ---p 00000000 00:00 0 
7f5db0aa4000-7f5db0ba4000 rw-p 00000000 00:00 0 
7f5db0ba4000-7f5db0ba5000 ---p 00000000 00:00 0 
7f5db0ba5000-7f5db0cb9000 rw-p 00000000 00:00 0 
7f5db0cb9000-7f5db0ddb000 rw-p 00000000 00:00 0 
7f5db0ddb000-7f5db0de6000 rw-p 00000000 00:00 0 
7f5db0de6000-7f5db0e2e000 rw-p 00000000 00:00 0 
7f5db0e2e000-7f5db0e42000 rw-p 00000000 00:00 0 
7f5db0e42000-7f5db0f64000 rw-p 00000000 00:00 0 
7f5db0f64000-7f5db0f6e000 rw-p 00000000 00:00 0 
7f5db0f6e000-7f5db0fff000 rw-p 00000000 00:00 0 
7f5db0fff000-7f5db1000000 rw-p 00000000 00:00 0 
7f5db1000000-7f5db1270000 rwxp 00000000 00:00 0 
7f5db1270000-7f5db407c000 rw-p 00000000 00:00 0 
7f5db407c000-7f5db8000000 ---p 00000000 00:00 0 
7f5db8037000-7f5db8038000 ---p 00000000 00:00 0 
7f5db8038000-7f5db8143000 rw-p 00000000 00:00 0 
7f5db8143000-7f5db818b000 rw-p 00000000 00:00 0 
7f5db818b000-7f5db8195000 rw-p 00000000 00:00 0 
7f5db8195000-7f5db824b000 rw-p 00000000 00:00 0 
7f5db824b000-7f5db8253000 r-xp 00000000 08:01 1077553                    /usr/lib/jvm/java-1.7.0-openjdk-1.7.0.45.x86_64/jre/lib/amd64/libzip.so
7f5db8253000-7f5db8452000 ---p 00008000 08:01 1077553                    /usr/lib/jvm/java-1.7.0-openjdk-1.7.0.45.x86_64/jre/lib/amd64/libzip.so
7f5db8452000-7f5db8453000 rw-p 00007000 08:01 1077553                    /usr/lib/jvm/java-1.7.0-openjdk-1.7.0.45.x86_64/jre/lib/amd64/libzip.so
7f5db8453000-7f5db845b000 rw-s 00000000 08:01 2373792                    /tmp/hsperfdata_1104205c/5992
7f5db845b000-7f5db8490000 r--s 00000000 08:01 801875                     /var/db/nscd/passwd
7f5db8490000-7f5db8491000 rw-p 00000000 00:00 0 
7f5db8491000-7f5db8492000 r--p 00000000 00:00 0 
7f5db8492000-7f5db84bb000 r-xp 00000000 08:01 1077532                    /usr/lib/jvm/java-1.7.0-openjdk-1.7.0.45.x86_64/jre/lib/amd64/libjava.so
7f5db84bb000-7f5db86ba000 ---p 00029000 08:01 1077532                    /usr/lib/jvm/java-1.7.0-openjdk-1.7.0.45.x86_64/jre/lib/amd64/libjava.so
7f5db86ba000-7f5db86bc000 rw-p 00028000 08:01 1077532                    /usr/lib/jvm/java-1.7.0-openjdk-1.7.0.45.x86_64/jre/lib/amd64/libjava.so
7f5db86bc000-7f5db86c9000 r-xp 00000000 08:01 1077552                    /usr/lib/jvm/java-1.7.0-openjdk-1.7.0.45.x86_64/jre/lib/amd64/libverify.so
7f5db86c9000-7f5db88c9000 ---p 0000d000 08:01 1077552                    /usr/lib/jvm/java-1.7.0-openjdk-1.7.0.45.x86_64/jre/lib/amd64/libverify.so
7f5db88c9000-7f5db88cb000 rw-p 0000d000 08:01 1077552                    /usr/lib/jvm/java-1.7.0-openjdk-1.7.0.45.x86_64/jre/lib/amd64/libverify.so
7f5db88cb000-7f5db93b5000 r-xp 00000000 08:01 1077557                    /usr/lib/jvm/java-1.7.0-openjdk-1.7.0.45.x86_64/jre/lib/amd64/server/libjvm.so
7f5db93b5000-7f5db95b5000 ---p 00aea000 08:01 1077557                    /usr/lib/jvm/java-1.7.0-openjdk-1.7.0.45.x86_64/jre/lib/amd64/server/libjvm.so
7f5db95b5000-7f5db9670000 rw-p 00aea000 08:01 1077557                    /usr/lib/jvm/java-1.7.0-openjdk-1.7.0.45.x86_64/jre/lib/amd64/server/libjvm.so
7f5db9670000-7f5db96a0000 rw-p 00000000 00:00 0 
7f5db96b5000-7f5db96cc000 rw-p 00000000 00:00 0 
7f5db96cc000-7f5db96cf000 ---p 00000000 00:00 0 
7f5db96cf000-7f5db97cd000 rw-p 00000000 00:00 0 
7fff3abf5000-7fff3ac0a000 rw-p 00000000 00:00 0                          [stack]
7fff3acc3000-7fff3acc4000 r-xp 00000000 00:00 0                          [vdso]
ffffffffff600000-ffffffffff601000 r-xp 00000000 00:00 0                  [vsyscall]

VM Arguments:
jvm_args: -Dfile.encoding=ISO-8859-1 
java_command: Main
Launcher Type: SUN_STANDARD

Environment Variables:
PATH=/usr/lib64/qt-3.3/bin:/usr/kerberos/sbin:/usr/kerberos/bin:/usr/lib64/ccache:/usr/local/bin:/usr/bin:/bin:/usr/local/sbin:/usr/sbin:/sbin
USERNAME=1104205c
SHELL=/usr/local/bin/bash
DISPLAY=:0.0

Signal Handlers:
SIGSEGV: [libjvm.so+0x9249f0], sa_mask[0]=0x7ffbfeff, sa_flags=0x10000004
SIGBUS: [libjvm.so+0x9249f0], sa_mask[0]=0x7ffbfeff, sa_flags=0x10000004
SIGFPE: [libjvm.so+0x7b25a0], sa_mask[0]=0x7ffbfeff, sa_flags=0x10000004
SIGPIPE: [libjvm.so+0x7b25a0], sa_mask[0]=0x7ffbfeff, sa_flags=0x10000004
SIGXFSZ: [libjvm.so+0x7b25a0], sa_mask[0]=0x7ffbfeff, sa_flags=0x10000004
SIGILL: [libjvm.so+0x7b25a0], sa_mask[0]=0x7ffbfeff, sa_flags=0x10000004
SIGUSR1: SIG_DFL, sa_mask[0]=0x00000000, sa_flags=0x00000000
SIGUSR2: [libjvm.so+0x7b3a30], sa_mask[0]=0x00000004, sa_flags=0x10000004
SIGHUP: SIG_DFL, sa_mask[0]=0x00000000, sa_flags=0x00000000
SIGINT: SIG_DFL, sa_mask[0]=0x00000000, sa_flags=0x00000000
SIGTERM: SIG_DFL, sa_mask[0]=0x00000000, sa_flags=0x00000000
SIGQUIT: SIG_DFL, sa_mask[0]=0x00000000, sa_flags=0x00000000


---------------  S Y S T E M  ---------------

OS:Scientific Linux release 6.4 (Carbon)

uname:Linux 2.6.32-358.14.1.el6.x86_64 #1 SMP Tue Jul 16 14:24:33 CDT 2013 x86_64
libc:glibc 2.12 NPTL 2.12 
rlimit: STACK 10240k, CORE 0k, NPROC 1024, NOFILE 32000, AS infinity
load average:0.12 0.09 0.10

/proc/meminfo:
MemTotal:        3806920 kB
MemFree:          128888 kB
Buffers:            8028 kB
Cached:           415216 kB
SwapCached:         6644 kB
Active:          2580872 kB
Inactive:         856852 kB
Active(anon):    2518312 kB
Inactive(anon):   794316 kB
Active(file):      62560 kB
Inactive(file):    62536 kB
Unevictable:           0 kB
Mlocked:               0 kB
SwapTotal:       6143992 kB
SwapFree:        5951888 kB
Dirty:              2236 kB
Writeback:             0 kB
AnonPages:       3008188 kB
Mapped:            73200 kB
Shmem:            298148 kB
Slab:             108520 kB
SReclaimable:      44376 kB
SUnreclaim:        64144 kB
KernelStack:       10472 kB
PageTables:        53392 kB
NFS_Unstable:          0 kB
Bounce:                0 kB
WritebackTmp:          0 kB
CommitLimit:     8047452 kB
Committed_AS:    9143976 kB
VmallocTotal:   34359738367 kB
VmallocUsed:      366272 kB
VmallocChunk:   34359343540 kB
HardwareCorrupted:     0 kB
AnonHugePages:   1703936 kB
HugePages_Total:       0
HugePages_Free:        0
HugePages_Rsvd:        0
HugePages_Surp:        0
Hugepagesize:       2048 kB
DirectMap4k:        8192 kB
DirectMap2M:     4077568 kB


CPU:total 4 (4 cores per cpu, 1 threads per core) family 6 model 58 stepping 9, cmov, cx8, fxsr, mmx, sse, sse2, sse3, ssse3, sse4.1, sse4.2, popcnt, avx, aes, erms, tsc, tscinvbit, tscinv

/proc/cpuinfo:
processor	: 0
vendor_id	: GenuineIntel
cpu family	: 6
model		: 58
model name	: Intel(R) Core(TM) i5-3470 CPU @ 3.20GHz
stepping	: 9
cpu MHz		: 3192.684
cache size	: 6144 KB
physical id	: 0
siblings	: 4
core id		: 0
cpu cores	: 4
apicid		: 0
initial apicid	: 0
fpu		: yes
fpu_exception	: yes
cpuid level	: 13
wp		: yes
flags		: fpu vme de pse tsc msr pae mce cx8 apic sep mtrr pge mca cmov pat pse36 clflush dts acpi mmx fxsr sse sse2 ss ht tm pbe syscall nx rdtscp lm constant_tsc arch_perfmon pebs bts rep_good xtopology nonstop_tsc aperfmperf pni pclmulqdq dtes64 monitor ds_cpl vmx smx est tm2 ssse3 cx16 xtpr pdcm pcid sse4_1 sse4_2 x2apic popcnt tsc_deadline_timer aes xsave avx f16c rdrand lahf_lm ida arat epb xsaveopt pln pts dts tpr_shadow vnmi flexpriority ept vpid fsgsbase smep erms
bogomips	: 6385.36
clflush size	: 64
cache_alignment	: 64
address sizes	: 36 bits physical, 48 bits virtual
power management:

processor	: 1
vendor_id	: GenuineIntel
cpu family	: 6
model		: 58
model name	: Intel(R) Core(TM) i5-3470 CPU @ 3.20GHz
stepping	: 9
cpu MHz		: 3192.684
cache size	: 6144 KB
physical id	: 0
siblings	: 4
core id		: 1
cpu cores	: 4
apicid		: 2
initial apicid	: 2
fpu		: yes
fpu_exception	: yes
cpuid level	: 13
wp		: yes
flags		: fpu vme de pse tsc msr pae mce cx8 apic sep mtrr pge mca cmov pat pse36 clflush dts acpi mmx fxsr sse sse2 ss ht tm pbe syscall nx rdtscp lm constant_tsc arch_perfmon pebs bts rep_good xtopology nonstop_tsc aperfmperf pni pclmulqdq dtes64 monitor ds_cpl vmx smx est tm2 ssse3 cx16 xtpr pdcm pcid sse4_1 sse4_2 x2apic popcnt tsc_deadline_timer aes xsave avx f16c rdrand lahf_lm ida arat epb xsaveopt pln pts dts tpr_shadow vnmi flexpriority ept vpid fsgsbase smep erms
bogomips	: 6385.36
clflush size	: 64
cache_alignment	: 64
address sizes	: 36 bits physical, 48 bits virtual
power management:

processor	: 2
vendor_id	: GenuineIntel
cpu family	: 6
model		: 58
model name	: Intel(R) Core(TM) i5-3470 CPU @ 3.20GHz
stepping	: 9
cpu MHz		: 3192.684
cache size	: 6144 KB
physical id	: 0
siblings	: 4
core id		: 2
cpu cores	: 4
apicid		: 4
initial apicid	: 4
fpu		: yes
fpu_exception	: yes
cpuid level	: 13
wp		: yes
flags		: fpu vme de pse tsc msr pae mce cx8 apic sep mtrr pge mca cmov pat pse36 clflush dts acpi mmx fxsr sse sse2 ss ht tm pbe syscall nx rdtscp lm constant_tsc arch_perfmon pebs bts rep_good xtopology nonstop_tsc aperfmperf pni pclmulqdq dtes64 monitor ds_cpl vmx smx est tm2 ssse3 cx16 xtpr pdcm pcid sse4_1 sse4_2 x2apic popcnt tsc_deadline_timer aes xsave avx f16c rdrand lahf_lm ida arat epb xsaveopt pln pts dts tpr_shadow vnmi flexpriority ept vpid fsgsbase smep erms
bogomips	: 6385.36
clflush size	: 64
cache_alignment	: 64
address sizes	: 36 bits physical, 48 bits virtual
power management:

processor	: 3
vendor_id	: GenuineIntel
cpu family	: 6
model		: 58
model name	: Intel(R) Core(TM) i5-3470 CPU @ 3.20GHz
stepping	: 9
cpu MHz		: 3192.684
cache size	: 6144 KB
physical id	: 0
siblings	: 4
core id		: 3
cpu cores	: 4
apicid		: 6
initial apicid	: 6
fpu		: yes
fpu_exception	: yes
cpuid level	: 13
wp		: yes
flags		: fpu vme de pse tsc msr pae mce cx8 apic sep mtrr pge mca cmov pat pse36 clflush dts acpi mmx fxsr sse sse2 ss ht tm pbe syscall nx rdtscp lm constant_tsc arch_perfmon pebs bts rep_good xtopology nonstop_tsc aperfmperf pni pclmulqdq dtes64 monitor ds_cpl vmx smx est tm2 ssse3 cx16 xtpr pdcm pcid sse4_1 sse4_2 x2apic popcnt tsc_deadline_timer aes xsave avx f16c rdrand lahf_lm ida arat epb xsaveopt pln pts dts tpr_shadow vnmi flexpriority ept vpid fsgsbase smep erms
bogomips	: 6385.36
clflush size	: 64
cache_alignment	: 64
address sizes	: 36 bits physical, 48 bits virtual
power management:



Memory: 4k page, physical 3806920k(128888k free), swap 6143992k(5951888k free)

vm_info: OpenJDK 64-Bit Server VM (24.45-b08) for linux-amd64 JRE (1.7.0_45-mockbuild_2013_10_22_13_40-b00), built on Oct 22 2013 13:49:11 by "mockbuild" with gcc 4.4.7 20120313 (Red Hat 4.4.7-3)

time: Fri Nov 29 14:13:28 2013
elapsed time: 0 seconds

